============================================================
  Generated by:           Genus(TM) Synthesis Solution 19.14-s108_1
  Generated on:           Dec 20 2025  12:32:10 am
  Module:                 mkMACBuff
  Operating conditions:   PVT_0P9V_125C (balanced_tree)
  Wireload mode:          enclosed
  Area mode:              timing library
============================================================


Path 1: MET (2 ps) Setup Check with Pin mult_3/stage2_regs1_reg[27]/CK->D
          Group: clk
     Startpoint: (R) mult_3/stage1_regs_reg[6][6]/CK
          Clock: (R) clk
       Endpoint: (R) mult_3/stage2_regs1_reg[27]/D
          Clock: (R) clk

                     Capture       Launch     
        Clock Edge:+    2000            0     
       Src Latency:+       0            0     
       Net Latency:+     250 (I)      250 (I) 
           Arrival:=    2250          250     
                                              
             Setup:-     138                  
       Uncertainty:-     250                  
     Required Time:=    1862                  
      Launch Clock:-     250                  
         Data Path:-    1610                  
             Slack:=       2                  

#-------------------------------------------------------------------------------------------------------------------
#               Timing Point                Flags    Arc   Edge   Cell     Fanout Load Trans Delay Arrival Instance 
#                                                                                 (fF)  (ps)  (ps)   (ps)  Location 
#-------------------------------------------------------------------------------------------------------------------
  mult_3/stage1_regs_reg[6][6]/CK           -       -      R     (arrival)   1004    -     0     -     250    (-,-) 
  mult_3/stage1_regs_reg[6][6]/Q            -       CK->Q  R     DFFHQX1        1  0.8    27   177     427    (-,-) 
  mult_3/csa_tree_add_63_34_groupi_g4346/CO -       A->CO  R     ADDFXL         1  0.8    47   187     614    (-,-) 
  mult_3/csa_tree_add_63_34_groupi_g4291/CO -       B->CO  R     ADDFXL         1  0.6    39   190     804    (-,-) 
  mult_3/csa_tree_add_63_34_groupi_g4261/S  -       CI->S  F     ADDFXL         1  0.5    44   242    1046    (-,-) 
  mult_3/csa_tree_add_63_34_groupi_g4204/S  -       CI->S  R     ADDFXL         2  0.8    50   264    1310    (-,-) 
  mult_3/csa_tree_add_63_34_groupi_g4199/Y  -       B->Y   F     NAND2X1        3  0.9    85    83    1393    (-,-) 
  mult_3/csa_tree_add_63_34_groupi_g4186/Y  -       A1->Y  R     OAI21X1        2  0.6    73    95    1488    (-,-) 
  mult_3/csa_tree_add_63_34_groupi_g4178/Y  -       A1N->Y R     OAI2BB1X1      1  0.8    38   150    1638    (-,-) 
  mult_3/csa_tree_add_63_34_groupi_g4168/Y  -       A->Y   F     NOR2X2         8  1.8    46    52    1690    (-,-) 
  mult_3/csa_tree_add_63_34_groupi_g4157/Y  -       A1N->Y F     AOI2BB1X1      1  0.4    39   112    1802    (-,-) 
  mult_3/csa_tree_add_63_34_groupi_g4152/Y  -       S0->Y  R     MXI2XL         1  0.2    62    58    1860    (-,-) 
  mult_3/stage2_regs1_reg[27]/D             <<<     -      R     DFFQXL         1    -     -     0    1860    (-,-) 
#-------------------------------------------------------------------------------------------------------------------

