============================================================
  Generated by:           Genus(TM) Synthesis Solution 19.14-s108_1
  Generated on:           Dec 20 2025  12:32:10 am
  Module:                 mkMACBuff
  Technology library:     slow_vdd1v0 1.0
  Operating conditions:   PVT_0P9V_125C (balanced_tree)
  Wireload mode:          enclosed
  Area mode:              timing library
============================================================

                                
   Gate    Instances    Area        Library    
-----------------------------------------------
ADDFHXL            8     60.192    slow_vdd1v0 
ADDFX1           365   1872.450    slow_vdd1v0 
ADDFXL            28    191.520    slow_vdd1v0 
ADDHX1            28    105.336    slow_vdd1v0 
AND2X1            29     39.672    slow_vdd1v0 
AND2XL            45     61.560    slow_vdd1v0 
AND4XL             4      9.576    slow_vdd1v0 
AO21X1             2      4.788    slow_vdd1v0 
AO21XL             8     19.152    slow_vdd1v0 
AO22XL             1      2.736    slow_vdd1v0 
AOI211XL           6     12.312    slow_vdd1v0 
AOI21X1          227    388.170    slow_vdd1v0 
AOI21XL            4      6.840    slow_vdd1v0 
AOI221X1          18     43.092    slow_vdd1v0 
AOI22X1            1      2.052    slow_vdd1v0 
AOI22XL           64    131.328    slow_vdd1v0 
AOI2BB1X1         57    116.964    slow_vdd1v0 
AOI2BB1XL         32     65.664    slow_vdd1v0 
AOI31X1           10     20.520    slow_vdd1v0 
BUFX2            129    220.590    slow_vdd1v0 
CLKAND2X2          8     16.416    slow_vdd1v0 
CLKINVX4           1      1.710    slow_vdd1v0 
CLKXOR2X1          4     10.944    slow_vdd1v0 
DFFHQX1          672   3677.184    slow_vdd1v0 
DFFQXL           251   1373.472    slow_vdd1v0 
DFFX1              4     28.728    slow_vdd1v0 
INVX1            318    217.512    slow_vdd1v0 
INVX2              5      5.130    slow_vdd1v0 
INVXL            129     88.236    slow_vdd1v0 
MX2XL              3      7.182    slow_vdd1v0 
MXI2XL            67    160.398    slow_vdd1v0 
NAND2BX1         127    173.736    slow_vdd1v0 
NAND2BXL           9     12.312    slow_vdd1v0 
NAND2X1          618    634.068    slow_vdd1v0 
NAND2XL          407    417.582    slow_vdd1v0 
NAND3BXL          14     23.940    slow_vdd1v0 
NAND3X1           17     29.070    slow_vdd1v0 
NAND4BX1           1      2.394    slow_vdd1v0 
NAND4XL            2      3.420    slow_vdd1v0 
NOR2BX1          565    772.920    slow_vdd1v0 
NOR2X1           825    846.450    slow_vdd1v0 
NOR2X2            16     27.360    slow_vdd1v0 
NOR2XL            89     91.314    slow_vdd1v0 
NOR3BX1            5     10.260    slow_vdd1v0 
NOR3X1             6     10.260    slow_vdd1v0 
OA21X1            55    112.860    slow_vdd1v0 
OAI211X1          29     49.590    slow_vdd1v0 
OAI21X1          192    328.320    slow_vdd1v0 
OAI221X1           5     11.970    slow_vdd1v0 
OAI22X1            4      8.208    slow_vdd1v0 
OAI22XL            1      2.052    slow_vdd1v0 
OAI2BB1X1        169    288.990    slow_vdd1v0 
OAI31X1           18     36.936    slow_vdd1v0 
OAI31X2            2      7.524    slow_vdd1v0 
OR2X1             77    105.336    slow_vdd1v0 
OR2X2              1      1.710    slow_vdd1v0 
OR2XL            197    269.496    slow_vdd1v0 
SDFFQX1           77    579.348    slow_vdd1v0 
XNOR2X1          735   1759.590    slow_vdd1v0 
XNOR2XL           12     32.832    slow_vdd1v0 
XOR2XL            43    117.648    slow_vdd1v0 
-----------------------------------------------
total           6846  15728.922                


                                          
     Type      Instances    Area   Area % 
------------------------------------------
sequential          1004  5658.732   36.0 
inverter             453   312.588    2.0 
buffer               129   220.590    1.4 
logic               5260  9537.012   60.6 
physical_cells         0     0.000    0.0 
------------------------------------------
total               6846 15728.922  100.0 

