###############################################################
#  Generated by:      Cadence Innovus 21.17-s075_1
#  OS:                Linux x86_64(Host ID ssh-soc.ece.ubc.ca)
#  Generated on:      Wed Dec 24 01:04:36 2025
#  Design:            mkMACBuff
#  Command:           report_timing -nworst 5 > ./reports/${TOP_LEVEL}_final.rpt
###############################################################
Path 1: MET Setup Check with Pin mult_3/stage1_regs_reg[4][5]/CK 
Endpoint:   mult_3/stage1_regs_reg[4][5]/D (^) checked with  leading edge of 
'clk'
Beginpoint: mac_vectB_3[0]                 (v) triggered by  leading edge of 
'io_virtual_clk'
Path Groups: {in2reg}
Analysis View: av_lsMax_rcWorst_cmFunc
Other End Arrival Time          0.391
- Setup                         0.124
+ Phase Shift                   2.000
+ CPPR Adjustment               0.000
= Required Time                 2.267
- Arrival Time                  1.821
= Slack Time                    0.447
     Clock Rise Edge                      0.000
     + Input Delay                        0.500
     + Drive Adjustment                   0.275
     = Beginpoint Arrival Time            0.775
     +----------------------------------------------------------------------------------------+ 
     |           Instance           |       Arc        |  Cell   | Delay | Arrival | Required | 
     |                              |                  |         |       |  Time   |   Time   | 
     |------------------------------+------------------+---------+-------+---------+----------| 
     |                              | mac_vectB_3[0] v |         |       |   0.776 |    1.222 | 
     | mult_3/g13205                | B v -> Y ^       | NAND2X4 | 0.262 |   1.038 |    1.484 | 
     | mult_3/FE_RC_1068_0          | AN ^ -> Y ^      | NOR2BX1 | 0.144 |   1.182 |    1.629 | 
     | mult_3/FE_RC_1848_0          | A1 ^ -> Y v      | OAI21X2 | 0.106 |   1.288 |    1.734 | 
     | mult_3/FE_RC_1705_0          | B0 v -> Y ^      | OAI21X4 | 0.065 |   1.353 |    1.799 | 
     | mult_3/g12479                | B ^ -> CO ^      | ADDFHX1 | 0.224 |   1.576 |    2.023 | 
     | mult_3/FE_RC_1708_0          | A ^ -> Y v       | NAND2X2 | 0.092 |   1.668 |    2.114 | 
     | mult_3/FE_RC_1707_0          | B v -> Y ^       | NAND2X2 | 0.054 |   1.722 |    2.169 | 
     | mult_3/FE_RC_1714_0          | B ^ -> Y v       | NOR2X2  | 0.041 |   1.763 |    2.210 | 
     | mult_3/FE_RC_1849_0          | B0 v -> Y ^      | AOI21X2 | 0.057 |   1.821 |    2.267 | 
     | mult_3/stage1_regs_reg[4][5] | D ^              | DFFQXL  | 0.000 |   1.821 |    2.267 | 
     +----------------------------------------------------------------------------------------+ 
Path 2: MET Setup Check with Pin mult_3/stage1_regs_reg[0][5]/CK 
Endpoint:   mult_3/stage1_regs_reg[0][5]/D (^) checked with  leading edge of 
'clk'
Beginpoint: mac_vectB_3[0]                 (v) triggered by  leading edge of 
'io_virtual_clk'
Path Groups: {in2reg}
Analysis View: av_lsMax_rcWorst_cmFunc
Other End Arrival Time          0.403
- Setup                         0.124
+ Phase Shift                   2.000
+ CPPR Adjustment               0.000
= Required Time                 2.279
- Arrival Time                  1.824
= Slack Time                    0.454
     Clock Rise Edge                      0.000
     + Input Delay                        0.500
     + Drive Adjustment                   0.275
     = Beginpoint Arrival Time            0.775
     +------------------------------------------------------------------------------------------+ 
     |           Instance           |       Arc        |   Cell    | Delay | Arrival | Required | 
     |                              |                  |           |       |  Time   |   Time   | 
     |------------------------------+------------------+-----------+-------+---------+----------| 
     |                              | mac_vectB_3[0] v |           |       |   0.776 |    1.230 | 
     | mult_3/g13188                | B v -> Y ^       | NAND2X2   | 0.290 |   1.066 |    1.520 | 
     | mult_3/FE_RC_1061_0          | B ^ -> Y ^       | CLKXOR2X1 | 0.192 |   1.258 |    1.713 | 
     | mult_3/FE_RC_1139_0          | A1 ^ -> Y v      | OAI22X4   | 0.117 |   1.376 |    1.830 | 
     | mult_3/g12467                | B v -> CO v      | ADDFHX2   | 0.245 |   1.621 |    2.075 | 
     | mult_3/FE_RC_1710_0          | B v -> Y ^       | NAND2BX4  | 0.060 |   1.681 |    2.135 | 
     | mult_3/FE_RC_1702_0          | B ^ -> Y v       | NAND2BX4  | 0.066 |   1.747 |    2.201 | 
     | mult_3/FE_RC_1701_0          | A1 v -> Y ^      | OAI22X4   | 0.077 |   1.824 |    2.279 | 
     | mult_3/stage1_regs_reg[0][5] | D ^              | DFFHQX1   | 0.000 |   1.824 |    2.279 | 
     +------------------------------------------------------------------------------------------+ 
Path 3: MET Setup Check with Pin mult_3/stage1_regs_reg[0][4]/CK 
Endpoint:   mult_3/stage1_regs_reg[0][4]/D (^) checked with  leading edge of 
'clk'
Beginpoint: mac_vectB_3[0]                 (v) triggered by  leading edge of 
'io_virtual_clk'
Path Groups: {in2reg}
Analysis View: av_lsMax_rcWorst_cmFunc
Other End Arrival Time          0.403
- Setup                         0.114
+ Phase Shift                   2.000
+ CPPR Adjustment               0.000
= Required Time                 2.289
- Arrival Time                  1.833
= Slack Time                    0.455
     Clock Rise Edge                      0.000
     + Input Delay                        0.500
     + Drive Adjustment                   0.275
     = Beginpoint Arrival Time            0.775
     +------------------------------------------------------------------------------------------+ 
     |           Instance           |       Arc        |   Cell    | Delay | Arrival | Required | 
     |                              |                  |           |       |  Time   |   Time   | 
     |------------------------------+------------------+-----------+-------+---------+----------| 
     |                              | mac_vectB_3[0] v |           |       |   0.776 |    1.231 | 
     | mult_3/g13188                | B v -> Y ^       | NAND2X2   | 0.290 |   1.066 |    1.521 | 
     | mult_3/FE_RC_1061_0          | B ^ -> Y ^       | CLKXOR2X1 | 0.192 |   1.258 |    1.713 | 
     | mult_3/FE_RC_1139_0          | A1 ^ -> Y v      | OAI22X4   | 0.117 |   1.376 |    1.831 | 
     | mult_3/g12467                | B v -> CO v      | ADDFHX2   | 0.245 |   1.621 |    2.076 | 
     | mult_3/g12420                | A v -> Y ^       | XNOR2XL   | 0.213 |   1.833 |    2.289 | 
     | mult_3/stage1_regs_reg[0][4] | D ^              | DFFHQX1   | 0.000 |   1.833 |    2.289 | 
     +------------------------------------------------------------------------------------------+ 
Path 4: MET Setup Check with Pin mult_3/stage1_regs_reg[0][5]/CK 
Endpoint:   mult_3/stage1_regs_reg[0][5]/D (^) checked with  leading edge of 
'clk'
Beginpoint: mac_vectB_3[0]                 (v) triggered by  leading edge of 
'io_virtual_clk'
Path Groups: {in2reg}
Analysis View: av_lsMax_rcWorst_cmFunc
Other End Arrival Time          0.403
- Setup                         0.124
+ Phase Shift                   2.000
+ CPPR Adjustment               0.000
= Required Time                 2.279
- Arrival Time                  1.823
= Slack Time                    0.455
     Clock Rise Edge                      0.000
     + Input Delay                        0.500
     + Drive Adjustment                   0.275
     = Beginpoint Arrival Time            0.775
     +-----------------------------------------------------------------------------------------+ 
     |           Instance           |       Arc        |   Cell   | Delay | Arrival | Required | 
     |                              |                  |          |       |  Time   |   Time   | 
     |------------------------------+------------------+----------+-------+---------+----------| 
     |                              | mac_vectB_3[0] v |          |       |   0.776 |    1.231 | 
     | mult_3/g13188                | B v -> Y ^       | NAND2X2  | 0.290 |   1.066 |    1.521 | 
     | mult_3/FE_RC_1846_0          | S0 ^ -> Y ^      | MXI2X1   | 0.137 |   1.203 |    1.659 | 
     | mult_3/FE_RC_1471_0          | A ^ -> Y v       | INVX2    | 0.079 |   1.282 |    1.738 | 
     | mult_3/FE_RC_1139_0          | B1 v -> Y ^      | OAI22X4  | 0.070 |   1.352 |    1.807 | 
     | mult_3/g12467                | B ^ -> CO ^      | ADDFHX2  | 0.251 |   1.603 |    2.058 | 
     | mult_3/FE_RC_1710_0          | B ^ -> Y v       | NAND2BX4 | 0.083 |   1.686 |    2.141 | 
     | mult_3/FE_RC_1702_0          | B v -> Y ^       | NAND2BX4 | 0.051 |   1.737 |    2.192 | 
     | mult_3/FE_RC_1704_0          | A ^ -> Y v       | INVX2    | 0.042 |   1.778 |    2.234 | 
     | mult_3/FE_RC_1701_0          | B1 v -> Y ^      | OAI22X4  | 0.045 |   1.823 |    2.279 | 
     | mult_3/stage1_regs_reg[0][5] | D ^              | DFFHQX1  | 0.000 |   1.823 |    2.279 | 
     +-----------------------------------------------------------------------------------------+ 
Path 5: MET Setup Check with Pin mult_3/stage1_regs_reg[0][5]/CK 
Endpoint:   mult_3/stage1_regs_reg[0][5]/D (^) checked with  leading edge of 
'clk'
Beginpoint: mac_vectB_3[0]                 (v) triggered by  leading edge of 
'io_virtual_clk'
Path Groups: {in2reg}
Analysis View: av_lsMax_rcWorst_cmFunc
Other End Arrival Time          0.403
- Setup                         0.124
+ Phase Shift                   2.000
+ CPPR Adjustment               0.000
= Required Time                 2.279
- Arrival Time                  1.821
= Slack Time                    0.457
     Clock Rise Edge                      0.000
     + Input Delay                        0.500
     + Drive Adjustment                   0.275
     = Beginpoint Arrival Time            0.775
     +------------------------------------------------------------------------------------------+ 
     |           Instance           |       Arc        |   Cell    | Delay | Arrival | Required | 
     |                              |                  |           |       |  Time   |   Time   | 
     |------------------------------+------------------+-----------+-------+---------+----------| 
     |                              | mac_vectB_3[0] v |           |       |   0.776 |    1.233 | 
     | mult_3/g13188                | B v -> Y ^       | NAND2X2   | 0.290 |   1.066 |    1.523 | 
     | mult_3/FE_RC_1061_0          | B ^ -> Y v       | CLKXOR2X1 | 0.198 |   1.264 |    1.721 | 
     | mult_3/FE_RC_1139_0          | A1 v -> Y ^      | OAI22X4   | 0.086 |   1.350 |    1.807 | 
     | mult_3/g12467                | B ^ -> CO ^      | ADDFHX2   | 0.251 |   1.601 |    2.058 | 
     | mult_3/FE_RC_1710_0          | B ^ -> Y v       | NAND2BX4  | 0.083 |   1.684 |    2.141 | 
     | mult_3/FE_RC_1702_0          | B v -> Y ^       | NAND2BX4  | 0.051 |   1.735 |    2.192 | 
     | mult_3/FE_RC_1704_0          | A ^ -> Y v       | INVX2     | 0.042 |   1.777 |    2.234 | 
     | mult_3/FE_RC_1701_0          | B1 v -> Y ^      | OAI22X4   | 0.045 |   1.821 |    2.279 | 
     | mult_3/stage1_regs_reg[0][5] | D ^              | DFFHQX1   | 0.000 |   1.821 |    2.279 | 
     +------------------------------------------------------------------------------------------+ 

