============================================================
  Generated by:           Genus(TM) Synthesis Solution 19.14-s108_1
  Generated on:           Dec 23 2025  06:44:34 pm
  Module:                 mkMACBuff
  Operating conditions:   PVT_0P9V_125C (balanced_tree)
  Wireload mode:          enclosed
  Area mode:              timing library
============================================================

Timing
--------

     Clock     Period 
----------------------
clk            2000.0 
io_virtual_clk 2000.0 


     Cost        Critical         Violating 
     Group      Path Slack  TNS     Paths   
--------------------------------------------
clk                    2.3   0.0          0 
default           No paths   0.0            
io_virtual_clk       927.5   0.0          0 
--------------------------------------------
Total                        0.0          0 

Instance Count
--------------
Leaf Instance Count             6950 
Physical Instance count            0 
Sequential Instance Count        979 
Combinational Instance Count    5971 
Hierarchical Instance Count        4 

Area
----
Cell Area                          15803.478
Physical Cell Area                 0.000
Total Cell Area (Cell+Physical)    15803.478
Net Area                           0.000
Total Area (Cell+Physical+Net)     15803.478

Max Fanout                         979 (CLK)
Min Fanout                         1 (EN_writeMem)
Average Fanout                     2.0
Terms to net ratio                 2.9935
Terms to instance ratio            3.2515
Runtime                            49.881378 seconds
Elapsed Runtime                    80 seconds
Genus peak memory usage            1114.05 
Innovus peak memory usage          no_value 
Hostname                           ssh-soc.ece.ubc.ca
