###############################################################
#  Generated by:      Cadence Innovus 21.17-s075_1
#  OS:                Linux x86_64(Host ID ssh-soc.ece.ubc.ca)
#  Generated on:      Wed Dec 24 01:03:11 2025
#  Design:            mkMACBuff
#  Command:           report_timing -nworst 5 > ./reports/${TOP_LEVEL}_postRoute.rpt
###############################################################
Path 1: MET Setup Check with Pin mult_3/stage1_regs_reg[4][5]/CK 
Endpoint:   mult_3/stage1_regs_reg[4][5]/D (^) checked with  leading edge of 
'clk'
Beginpoint: mac_vectB_3[0]                 (v) triggered by  leading edge of 
'io_virtual_clk'
Path Groups: {in2reg}
Analysis View: av_lsMax_rcWorst_cmFunc
Other End Arrival Time          0.389
- Setup                         0.124
+ Phase Shift                   2.000
+ CPPR Adjustment               0.000
= Required Time                 2.265
- Arrival Time                  1.809
= Slack Time                    0.456
     Clock Rise Edge                      0.000
     + Input Delay                        0.500
     + Drive Adjustment                   0.272
     = Beginpoint Arrival Time            0.772
     +----------------------------------------------------------------------------------------+ 
     |           Instance           |       Arc        |  Cell   | Delay | Arrival | Required | 
     |                              |                  |         |       |  Time   |   Time   | 
     |------------------------------+------------------+---------+-------+---------+----------| 
     |                              | mac_vectB_3[0] v |         |       |   0.772 |    1.228 | 
     | mult_3/g13205                | B v -> Y ^       | NAND2X4 | 0.260 |   1.032 |    1.488 | 
     | mult_3/FE_RC_1068_0          | AN ^ -> Y ^      | NOR2BX1 | 0.143 |   1.175 |    1.631 | 
     | mult_3/FE_RC_1848_0          | A1 ^ -> Y v      | OAI21X2 | 0.105 |   1.280 |    1.737 | 
     | mult_3/FE_RC_1705_0          | B0 v -> Y ^      | OAI21X4 | 0.065 |   1.345 |    1.801 | 
     | mult_3/g12479                | B ^ -> CO ^      | ADDFHX1 | 0.222 |   1.567 |    2.023 | 
     | mult_3/FE_RC_1708_0          | A ^ -> Y v       | NAND2X2 | 0.090 |   1.657 |    2.114 | 
     | mult_3/FE_RC_1707_0          | B v -> Y ^       | NAND2X2 | 0.054 |   1.711 |    2.168 | 
     | mult_3/FE_RC_1714_0          | B ^ -> Y v       | NOR2X2  | 0.041 |   1.752 |    2.209 | 
     | mult_3/FE_RC_1849_0          | B0 v -> Y ^      | AOI21X2 | 0.057 |   1.809 |    2.265 | 
     | mult_3/stage1_regs_reg[4][5] | D ^              | DFFQXL  | 0.000 |   1.809 |    2.265 | 
     +----------------------------------------------------------------------------------------+ 
Path 2: MET Setup Check with Pin mult_3/stage1_regs_reg[0][5]/CK 
Endpoint:   mult_3/stage1_regs_reg[0][5]/D (^) checked with  leading edge of 
'clk'
Beginpoint: mac_vectB_3[0]                 (v) triggered by  leading edge of 
'io_virtual_clk'
Path Groups: {in2reg}
Analysis View: av_lsMax_rcWorst_cmFunc
Other End Arrival Time          0.401
- Setup                         0.124
+ Phase Shift                   2.000
+ CPPR Adjustment               0.000
= Required Time                 2.277
- Arrival Time                  1.817
= Slack Time                    0.460
     Clock Rise Edge                      0.000
     + Input Delay                        0.500
     + Drive Adjustment                   0.272
     = Beginpoint Arrival Time            0.772
     +------------------------------------------------------------------------------------------+ 
     |           Instance           |       Arc        |   Cell    | Delay | Arrival | Required | 
     |                              |                  |           |       |  Time   |   Time   | 
     |------------------------------+------------------+-----------+-------+---------+----------| 
     |                              | mac_vectB_3[0] v |           |       |   0.772 |    1.232 | 
     | mult_3/g13188                | B v -> Y ^       | NAND2X2   | 0.288 |   1.060 |    1.520 | 
     | mult_3/FE_RC_1061_0          | B ^ -> Y ^       | CLKXOR2X1 | 0.192 |   1.252 |    1.712 | 
     | mult_3/FE_RC_1139_0          | A1 ^ -> Y v      | OAI22X4   | 0.117 |   1.369 |    1.829 | 
     | mult_3/g12467                | B v -> CO v      | ADDFHX2   | 0.245 |   1.614 |    2.074 | 
     | mult_3/FE_RC_1710_0          | B v -> Y ^       | NAND2BX4  | 0.060 |   1.674 |    2.134 | 
     | mult_3/FE_RC_1702_0          | B ^ -> Y v       | NAND2BX4  | 0.066 |   1.740 |    2.200 | 
     | mult_3/FE_RC_1701_0          | A1 v -> Y ^      | OAI22X4   | 0.077 |   1.817 |    2.277 | 
     | mult_3/stage1_regs_reg[0][5] | D ^              | DFFHQX1   | 0.000 |   1.817 |    2.277 | 
     +------------------------------------------------------------------------------------------+ 
Path 3: MET Setup Check with Pin mult_3/stage1_regs_reg[0][5]/CK 
Endpoint:   mult_3/stage1_regs_reg[0][5]/D (^) checked with  leading edge of 
'clk'
Beginpoint: mac_vectB_3[0]                 (v) triggered by  leading edge of 
'io_virtual_clk'
Path Groups: {in2reg}
Analysis View: av_lsMax_rcWorst_cmFunc
Other End Arrival Time          0.401
- Setup                         0.124
+ Phase Shift                   2.000
+ CPPR Adjustment               0.000
= Required Time                 2.277
- Arrival Time                  1.817
= Slack Time                    0.460
     Clock Rise Edge                      0.000
     + Input Delay                        0.500
     + Drive Adjustment                   0.272
     = Beginpoint Arrival Time            0.772
     +-----------------------------------------------------------------------------------------+ 
     |           Instance           |       Arc        |   Cell   | Delay | Arrival | Required | 
     |                              |                  |          |       |  Time   |   Time   | 
     |------------------------------+------------------+----------+-------+---------+----------| 
     |                              | mac_vectB_3[0] v |          |       |   0.772 |    1.232 | 
     | mult_3/g13188                | B v -> Y ^       | NAND2X2  | 0.288 |   1.060 |    1.520 | 
     | mult_3/FE_RC_1846_0          | S0 ^ -> Y ^      | MXI2X1   | 0.137 |   1.197 |    1.657 | 
     | mult_3/FE_RC_1471_0          | A ^ -> Y v       | INVX2    | 0.079 |   1.276 |    1.736 | 
     | mult_3/FE_RC_1139_0          | B1 v -> Y ^      | OAI22X4  | 0.070 |   1.346 |    1.806 | 
     | mult_3/g12467                | B ^ -> CO ^      | ADDFHX2  | 0.251 |   1.597 |    2.057 | 
     | mult_3/FE_RC_1710_0          | B ^ -> Y v       | NAND2BX4 | 0.083 |   1.680 |    2.140 | 
     | mult_3/FE_RC_1702_0          | B v -> Y ^       | NAND2BX4 | 0.051 |   1.730 |    2.191 | 
     | mult_3/FE_RC_1704_0          | A ^ -> Y v       | INVX2    | 0.042 |   1.772 |    2.232 | 
     | mult_3/FE_RC_1701_0          | B1 v -> Y ^      | OAI22X4  | 0.045 |   1.817 |    2.277 | 
     | mult_3/stage1_regs_reg[0][5] | D ^              | DFFHQX1  | 0.000 |   1.817 |    2.277 | 
     +-----------------------------------------------------------------------------------------+ 
Path 4: MET Setup Check with Pin mult_3/stage1_regs_reg[0][4]/CK 
Endpoint:   mult_3/stage1_regs_reg[0][4]/D (^) checked with  leading edge of 
'clk'
Beginpoint: mac_vectB_3[0]                 (v) triggered by  leading edge of 
'io_virtual_clk'
Path Groups: {in2reg}
Analysis View: av_lsMax_rcWorst_cmFunc
Other End Arrival Time          0.401
- Setup                         0.114
+ Phase Shift                   2.000
+ CPPR Adjustment               0.000
= Required Time                 2.287
- Arrival Time                  1.826
= Slack Time                    0.461
     Clock Rise Edge                      0.000
     + Input Delay                        0.500
     + Drive Adjustment                   0.272
     = Beginpoint Arrival Time            0.772
     +------------------------------------------------------------------------------------------+ 
     |           Instance           |       Arc        |   Cell    | Delay | Arrival | Required | 
     |                              |                  |           |       |  Time   |   Time   | 
     |------------------------------+------------------+-----------+-------+---------+----------| 
     |                              | mac_vectB_3[0] v |           |       |   0.772 |    1.233 | 
     | mult_3/g13188                | B v -> Y ^       | NAND2X2   | 0.288 |   1.060 |    1.521 | 
     | mult_3/FE_RC_1061_0          | B ^ -> Y ^       | CLKXOR2X1 | 0.192 |   1.252 |    1.712 | 
     | mult_3/FE_RC_1139_0          | A1 ^ -> Y v      | OAI22X4   | 0.117 |   1.369 |    1.830 | 
     | mult_3/g12467                | B v -> CO v      | ADDFHX2   | 0.245 |   1.614 |    2.075 | 
     | mult_3/g12420                | A v -> Y ^       | XNOR2XL   | 0.212 |   1.826 |    2.287 | 
     | mult_3/stage1_regs_reg[0][4] | D ^              | DFFHQX1   | 0.000 |   1.826 |    2.287 | 
     +------------------------------------------------------------------------------------------+ 
Path 5: MET Setup Check with Pin mult_3/stage1_regs_reg[0][5]/CK 
Endpoint:   mult_3/stage1_regs_reg[0][5]/D (^) checked with  leading edge of 
'clk'
Beginpoint: mac_vectB_3[0]                 (v) triggered by  leading edge of 
'io_virtual_clk'
Path Groups: {in2reg}
Analysis View: av_lsMax_rcWorst_cmFunc
Other End Arrival Time          0.401
- Setup                         0.124
+ Phase Shift                   2.000
+ CPPR Adjustment               0.000
= Required Time                 2.277
- Arrival Time                  1.814
= Slack Time                    0.463
     Clock Rise Edge                      0.000
     + Input Delay                        0.500
     + Drive Adjustment                   0.272
     = Beginpoint Arrival Time            0.772
     +------------------------------------------------------------------------------------------+ 
     |           Instance           |       Arc        |   Cell    | Delay | Arrival | Required | 
     |                              |                  |           |       |  Time   |   Time   | 
     |------------------------------+------------------+-----------+-------+---------+----------| 
     |                              | mac_vectB_3[0] v |           |       |   0.772 |    1.235 | 
     | mult_3/g13188                | B v -> Y ^       | NAND2X2   | 0.288 |   1.060 |    1.522 | 
     | mult_3/FE_RC_1061_0          | B ^ -> Y v       | CLKXOR2X1 | 0.198 |   1.257 |    1.720 | 
     | mult_3/FE_RC_1139_0          | A1 v -> Y ^      | OAI22X4   | 0.086 |   1.344 |    1.806 | 
     | mult_3/g12467                | B ^ -> CO ^      | ADDFHX2   | 0.251 |   1.594 |    2.057 | 
     | mult_3/FE_RC_1710_0          | B ^ -> Y v       | NAND2BX4  | 0.083 |   1.677 |    2.140 | 
     | mult_3/FE_RC_1702_0          | B v -> Y ^       | NAND2BX4  | 0.051 |   1.728 |    2.191 | 
     | mult_3/FE_RC_1704_0          | A ^ -> Y v       | INVX2     | 0.042 |   1.770 |    2.232 | 
     | mult_3/FE_RC_1701_0          | B1 v -> Y ^      | OAI22X4   | 0.045 |   1.814 |    2.277 | 
     | mult_3/stage1_regs_reg[0][5] | D ^              | DFFHQX1   | 0.000 |   1.814 |    2.277 | 
     +------------------------------------------------------------------------------------------+ 

