###############################################################
#  Generated by:      Cadence Innovus 21.17-s075_1
#  OS:                Linux x86_64(Host ID ssh-soc.ece.ubc.ca)
#  Generated on:      Wed Dec 24 00:51:55 2025
#  Design:            mkMACBuff
#  Command:           report_timing -nworst 5 > ./reports/${TOP_LEVEL}_prePlace.rpt
###############################################################
Path 1: MET Setup Check with Pin mult_2/stage1_regs_reg[11][6]/CK 
Endpoint:   mult_2/stage1_regs_reg[11][6]/D (^) checked with  leading edge of 
'clk'
Beginpoint: mac_vectA_2[11]                 (^) triggered by  leading edge of 
'io_virtual_clk'
Path Groups: {clk}
Analysis View: av_lsMax_rcWorst_cmFunc
Other End Arrival Time          0.000
- Setup                         0.117
+ Phase Shift                   2.000
= Required Time                 1.883
- Arrival Time                  1.707
= Slack Time                    0.176
     Clock Rise Edge                      0.000
     + Input Delay                        0.500
     + Drive Adjustment                   0.007
     = Beginpoint Arrival Time            0.507
     +--------------------------------------------------------------------------------------------+ 
     |           Instance            |        Arc        |   Cell    | Delay | Arrival | Required | 
     |                               |                   |           |       |  Time   |   Time   | 
     |-------------------------------+-------------------+-----------+-------+---------+----------| 
     |                               | mac_vectA_2[11] ^ |           |       |   0.507 |    0.682 | 
     | mult_2/drc_buf_sp13314        | A ^ -> Y ^        | BUFX2     | 0.103 |   0.609 |    0.785 | 
     | mult_2/g13181                 | B ^ -> Y v        | NAND2XL   | 0.099 |   0.708 |    0.883 | 
     | mult_2/g12828                 | A v -> Y ^        | XNOR2X1   | 0.223 |   0.931 |    1.107 | 
     | mult_2/g12674                 | CI ^ -> S ^       | ADDFX1    | 0.258 |   1.189 |    1.365 | 
     | mult_2/g12470                 | B ^ -> CO ^       | ADDFX1    | 0.203 |   1.392 |    1.568 | 
     | mult_2/g12458                 | A ^ -> Y v        | INVX1     | 0.043 |   1.435 |    1.611 | 
     | mult_2/g12404                 | A1N v -> Y v      | AOI2BB1X1 | 0.107 |   1.542 |    1.717 | 
     | mult_2/g12325                 | B v -> Y ^        | XNOR2X1   | 0.166 |   1.707 |    1.883 | 
     | mult_2/stage1_regs_reg[11][6] | D ^               | DFFHQX1   | 0.000 |   1.707 |    1.883 | 
     +--------------------------------------------------------------------------------------------+ 
Path 2: MET Setup Check with Pin mult_1/stage1_regs_reg[14][6]/CK 
Endpoint:   mult_1/stage1_regs_reg[14][6]/D (^) checked with  leading edge of 
'clk'
Beginpoint: mac_vectA_1[15]                 (^) triggered by  leading edge of 
'io_virtual_clk'
Path Groups: {clk}
Analysis View: av_lsMax_rcWorst_cmFunc
Other End Arrival Time          0.000
- Setup                         0.117
+ Phase Shift                   2.000
= Required Time                 1.883
- Arrival Time                  1.707
= Slack Time                    0.176
     Clock Rise Edge                      0.000
     + Input Delay                        0.500
     + Drive Adjustment                   0.007
     = Beginpoint Arrival Time            0.507
     +--------------------------------------------------------------------------------------------+ 
     |           Instance            |        Arc        |   Cell    | Delay | Arrival | Required | 
     |                               |                   |           |       |  Time   |   Time   | 
     |-------------------------------+-------------------+-----------+-------+---------+----------| 
     |                               | mac_vectA_1[15] ^ |           |       |   0.507 |    0.682 | 
     | mult_1/drc_buf_sp13302        | A ^ -> Y ^        | BUFX2     | 0.103 |   0.609 |    0.785 | 
     | mult_1/g13222                 | B ^ -> Y v        | NAND2XL   | 0.099 |   0.708 |    0.883 | 
     | mult_1/g12860                 | A v -> Y ^        | XNOR2X1   | 0.223 |   0.931 |    1.107 | 
     | mult_1/g12680                 | CI ^ -> S ^       | ADDFX1    | 0.258 |   1.189 |    1.365 | 
     | mult_1/g12475                 | B ^ -> CO ^       | ADDFX1    | 0.203 |   1.392 |    1.568 | 
     | mult_1/g12459                 | A ^ -> Y v        | INVX1     | 0.043 |   1.435 |    1.611 | 
     | mult_1/g12432                 | A1N v -> Y v      | AOI2BB1X1 | 0.107 |   1.542 |    1.717 | 
     | mult_1/g12328                 | B v -> Y ^        | XNOR2X1   | 0.166 |   1.707 |    1.883 | 
     | mult_1/stage1_regs_reg[14][6] | D ^               | DFFHQX1   | 0.000 |   1.707 |    1.883 | 
     +--------------------------------------------------------------------------------------------+ 
Path 3: MET Setup Check with Pin mult_1/stage1_regs_reg[11][6]/CK 
Endpoint:   mult_1/stage1_regs_reg[11][6]/D (^) checked with  leading edge of 
'clk'
Beginpoint: mac_vectA_1[11]                 (^) triggered by  leading edge of 
'io_virtual_clk'
Path Groups: {clk}
Analysis View: av_lsMax_rcWorst_cmFunc
Other End Arrival Time          0.000
- Setup                         0.117
+ Phase Shift                   2.000
= Required Time                 1.883
- Arrival Time                  1.707
= Slack Time                    0.176
     Clock Rise Edge                      0.000
     + Input Delay                        0.500
     + Drive Adjustment                   0.007
     = Beginpoint Arrival Time            0.507
     +--------------------------------------------------------------------------------------------+ 
     |           Instance            |        Arc        |   Cell    | Delay | Arrival | Required | 
     |                               |                   |           |       |  Time   |   Time   | 
     |-------------------------------+-------------------+-----------+-------+---------+----------| 
     |                               | mac_vectA_1[11] ^ |           |       |   0.507 |    0.682 | 
     | mult_1/drc_buf_sp13314        | A ^ -> Y ^        | BUFX2     | 0.103 |   0.609 |    0.785 | 
     | mult_1/g13181                 | B ^ -> Y v        | NAND2XL   | 0.099 |   0.708 |    0.883 | 
     | mult_1/g12828                 | A v -> Y ^        | XNOR2X1   | 0.223 |   0.931 |    1.107 | 
     | mult_1/g12674                 | CI ^ -> S ^       | ADDFX1    | 0.258 |   1.189 |    1.365 | 
     | mult_1/g12470                 | B ^ -> CO ^       | ADDFX1    | 0.203 |   1.392 |    1.568 | 
     | mult_1/g12458                 | A ^ -> Y v        | INVX1     | 0.043 |   1.435 |    1.611 | 
     | mult_1/g12404                 | A1N v -> Y v      | AOI2BB1X1 | 0.107 |   1.542 |    1.717 | 
     | mult_1/g12325                 | B v -> Y ^        | XNOR2X1   | 0.166 |   1.707 |    1.883 | 
     | mult_1/stage1_regs_reg[11][6] | D ^               | DFFHQX1   | 0.000 |   1.707 |    1.883 | 
     +--------------------------------------------------------------------------------------------+ 
Path 4: MET Setup Check with Pin mult_0/stage1_regs_reg[14][6]/CK 
Endpoint:   mult_0/stage1_regs_reg[14][6]/D (^) checked with  leading edge of 
'clk'
Beginpoint: mac_vectA_0[15]                 (^) triggered by  leading edge of 
'io_virtual_clk'
Path Groups: {clk}
Analysis View: av_lsMax_rcWorst_cmFunc
Other End Arrival Time          0.000
- Setup                         0.117
+ Phase Shift                   2.000
= Required Time                 1.883
- Arrival Time                  1.707
= Slack Time                    0.176
     Clock Rise Edge                      0.000
     + Input Delay                        0.500
     + Drive Adjustment                   0.007
     = Beginpoint Arrival Time            0.507
     +--------------------------------------------------------------------------------------------+ 
     |           Instance            |        Arc        |   Cell    | Delay | Arrival | Required | 
     |                               |                   |           |       |  Time   |   Time   | 
     |-------------------------------+-------------------+-----------+-------+---------+----------| 
     |                               | mac_vectA_0[15] ^ |           |       |   0.507 |    0.682 | 
     | mult_0/drc_buf_sp13302        | A ^ -> Y ^        | BUFX2     | 0.103 |   0.609 |    0.785 | 
     | mult_0/g13222                 | B ^ -> Y v        | NAND2XL   | 0.099 |   0.708 |    0.883 | 
     | mult_0/g12860                 | A v -> Y ^        | XNOR2X1   | 0.223 |   0.931 |    1.107 | 
     | mult_0/g12680                 | CI ^ -> S ^       | ADDFX1    | 0.258 |   1.189 |    1.365 | 
     | mult_0/g12475                 | B ^ -> CO ^       | ADDFX1    | 0.203 |   1.392 |    1.568 | 
     | mult_0/g12459                 | A ^ -> Y v        | INVX1     | 0.043 |   1.435 |    1.611 | 
     | mult_0/g12432                 | A1N v -> Y v      | AOI2BB1X1 | 0.107 |   1.542 |    1.717 | 
     | mult_0/g12328                 | B v -> Y ^        | XNOR2X1   | 0.166 |   1.707 |    1.883 | 
     | mult_0/stage1_regs_reg[14][6] | D ^               | DFFHQX1   | 0.000 |   1.707 |    1.883 | 
     +--------------------------------------------------------------------------------------------+ 
Path 5: MET Setup Check with Pin mult_0/stage1_regs_reg[11][6]/CK 
Endpoint:   mult_0/stage1_regs_reg[11][6]/D (^) checked with  leading edge of 
'clk'
Beginpoint: mac_vectA_0[11]                 (^) triggered by  leading edge of 
'io_virtual_clk'
Path Groups: {clk}
Analysis View: av_lsMax_rcWorst_cmFunc
Other End Arrival Time          0.000
- Setup                         0.117
+ Phase Shift                   2.000
= Required Time                 1.883
- Arrival Time                  1.707
= Slack Time                    0.176
     Clock Rise Edge                      0.000
     + Input Delay                        0.500
     + Drive Adjustment                   0.007
     = Beginpoint Arrival Time            0.507
     +--------------------------------------------------------------------------------------------+ 
     |           Instance            |        Arc        |   Cell    | Delay | Arrival | Required | 
     |                               |                   |           |       |  Time   |   Time   | 
     |-------------------------------+-------------------+-----------+-------+---------+----------| 
     |                               | mac_vectA_0[11] ^ |           |       |   0.507 |    0.682 | 
     | mult_0/drc_buf_sp13314        | A ^ -> Y ^        | BUFX2     | 0.103 |   0.609 |    0.785 | 
     | mult_0/g13181                 | B ^ -> Y v        | NAND2XL   | 0.099 |   0.708 |    0.883 | 
     | mult_0/g12828                 | A v -> Y ^        | XNOR2X1   | 0.223 |   0.931 |    1.107 | 
     | mult_0/g12674                 | CI ^ -> S ^       | ADDFX1    | 0.258 |   1.189 |    1.365 | 
     | mult_0/g12470                 | B ^ -> CO ^       | ADDFX1    | 0.203 |   1.392 |    1.568 | 
     | mult_0/g12458                 | A ^ -> Y v        | INVX1     | 0.043 |   1.435 |    1.611 | 
     | mult_0/g12404                 | A1N v -> Y v      | AOI2BB1X1 | 0.107 |   1.542 |    1.717 | 
     | mult_0/g12325                 | B v -> Y ^        | XNOR2X1   | 0.166 |   1.707 |    1.883 | 
     | mult_0/stage1_regs_reg[11][6] | D ^               | DFFHQX1   | 0.000 |   1.707 |    1.883 | 
     +--------------------------------------------------------------------------------------------+ 

