###############################################################
#  Generated by:      Cadence Innovus 21.17-s075_1
#  OS:                Linux x86_64(Host ID ssh-soc.ece.ubc.ca)
#  Generated on:      Wed Dec 24 01:00:59 2025
#  Design:            mkMACBuff
#  Command:           report_timing -nworst 5 > ./reports/${TOP_LEVEL}_postCTS.rpt
###############################################################
Path 1: VIOLATED Setup Check with Pin mult_3/stage1_regs_reg[4][5]/CK 
Endpoint:   mult_3/stage1_regs_reg[4][5]/D (^) checked with  leading edge of 
'clk'
Beginpoint: mac_vectB_3[0]                 (v) triggered by  leading edge of 
'io_virtual_clk'
Path Groups: {in2reg}
Analysis View: av_lsMax_rcWorst_cmFunc
Other End Arrival Time         -0.041
- Setup                         0.124
+ Phase Shift                   2.000
= Required Time                 1.835
- Arrival Time                  1.948
= Slack Time                   -0.113
     Clock Rise Edge                      0.000
     + Input Delay                        0.500
     + Drive Adjustment                   0.336
     = Beginpoint Arrival Time            0.836
     +----------------------------------------------------------------------------------------+ 
     |           Instance           |       Arc        |  Cell   | Delay | Arrival | Required | 
     |                              |                  |         |       |  Time   |   Time   | 
     |------------------------------+------------------+---------+-------+---------+----------| 
     |                              | mac_vectB_3[0] v |         |       |   0.836 |    0.723 | 
     | mult_3/g13205                | B v -> Y ^       | NAND2X4 | 0.315 |   1.151 |    1.038 | 
     | mult_3/FE_RC_1068_0          | AN ^ -> Y ^      | NOR2BX1 | 0.153 |   1.304 |    1.191 | 
     | mult_3/FE_RC_1848_0          | A1 ^ -> Y v      | OAI21X2 | 0.106 |   1.410 |    1.297 | 
     | mult_3/FE_RC_1705_0          | B0 v -> Y ^      | OAI21X4 | 0.067 |   1.477 |    1.363 | 
     | mult_3/g12479                | B ^ -> CO ^      | ADDFHX1 | 0.227 |   1.704 |    1.590 | 
     | mult_3/FE_RC_1708_0          | A ^ -> Y v       | NAND2X2 | 0.093 |   1.796 |    1.683 | 
     | mult_3/FE_RC_1707_0          | B v -> Y ^       | NAND2X2 | 0.054 |   1.850 |    1.737 | 
     | mult_3/FE_RC_1714_0          | B ^ -> Y v       | NOR2X2  | 0.040 |   1.891 |    1.777 | 
     | mult_3/FE_RC_1849_0          | B0 v -> Y ^      | AOI21X2 | 0.058 |   1.948 |    1.835 | 
     | mult_3/stage1_regs_reg[4][5] | D ^              | DFFQXL  | 0.000 |   1.948 |    1.835 | 
     +----------------------------------------------------------------------------------------+ 
Path 2: VIOLATED Setup Check with Pin mult_3/stage1_regs_reg[0][4]/CK 
Endpoint:   mult_3/stage1_regs_reg[0][4]/D (^) checked with  leading edge of 
'clk'
Beginpoint: mac_vectB_3[0]                 (v) triggered by  leading edge of 
'io_virtual_clk'
Path Groups: {in2reg}
Analysis View: av_lsMax_rcWorst_cmFunc
Other End Arrival Time         -0.024
- Setup                         0.113
+ Phase Shift                   2.000
= Required Time                 1.864
- Arrival Time                  1.976
= Slack Time                   -0.113
     Clock Rise Edge                      0.000
     + Input Delay                        0.500
     + Drive Adjustment                   0.336
     = Beginpoint Arrival Time            0.836
     +------------------------------------------------------------------------------------------+ 
     |           Instance           |       Arc        |   Cell    | Delay | Arrival | Required | 
     |                              |                  |           |       |  Time   |   Time   | 
     |------------------------------+------------------+-----------+-------+---------+----------| 
     |                              | mac_vectB_3[0] v |           |       |   0.836 |    0.724 | 
     | mult_3/g13188                | B v -> Y ^       | NAND2X2   | 0.349 |   1.185 |    1.073 | 
     | mult_3/FE_RC_1061_0          | B ^ -> Y ^       | CLKXOR2X1 | 0.202 |   1.387 |    1.274 | 
     | mult_3/FE_RC_1139_0          | A1 ^ -> Y v      | OAI22X4   | 0.122 |   1.509 |    1.396 | 
     | mult_3/g12467                | B v -> CO v      | ADDFHX2   | 0.251 |   1.759 |    1.647 | 
     | mult_3/g12420                | A v -> Y ^       | XNOR2XL   | 0.217 |   1.976 |    1.864 | 
     | mult_3/stage1_regs_reg[0][4] | D ^              | DFFHQX1   | 0.000 |   1.976 |    1.864 | 
     +------------------------------------------------------------------------------------------+ 
Path 3: VIOLATED Setup Check with Pin mult_3/stage1_regs_reg[0][5]/CK 
Endpoint:   mult_3/stage1_regs_reg[0][5]/D (^) checked with  leading edge of 
'clk'
Beginpoint: mac_vectB_3[0]                 (v) triggered by  leading edge of 
'io_virtual_clk'
Path Groups: {in2reg}
Analysis View: av_lsMax_rcWorst_cmFunc
Other End Arrival Time         -0.024
- Setup                         0.121
+ Phase Shift                   2.000
= Required Time                 1.855
- Arrival Time                  1.966
= Slack Time                   -0.111
     Clock Rise Edge                      0.000
     + Input Delay                        0.500
     + Drive Adjustment                   0.336
     = Beginpoint Arrival Time            0.836
     +------------------------------------------------------------------------------------------+ 
     |           Instance           |       Arc        |   Cell    | Delay | Arrival | Required | 
     |                              |                  |           |       |  Time   |   Time   | 
     |------------------------------+------------------+-----------+-------+---------+----------| 
     |                              | mac_vectB_3[0] v |           |       |   0.836 |    0.726 | 
     | mult_3/g13188                | B v -> Y ^       | NAND2X2   | 0.349 |   1.185 |    1.075 | 
     | mult_3/FE_RC_1061_0          | B ^ -> Y ^       | CLKXOR2X1 | 0.202 |   1.387 |    1.276 | 
     | mult_3/FE_RC_1139_0          | A1 ^ -> Y v      | OAI22X4   | 0.122 |   1.509 |    1.398 | 
     | mult_3/g12467                | B v -> CO v      | ADDFHX2   | 0.251 |   1.759 |    1.649 | 
     | mult_3/FE_RC_1710_0          | B v -> Y ^       | NAND2BX4  | 0.062 |   1.822 |    1.711 | 
     | mult_3/FE_RC_1702_0          | B ^ -> Y v       | NAND2BX4  | 0.066 |   1.888 |    1.778 | 
     | mult_3/FE_RC_1701_0          | A1 v -> Y ^      | OAI22X4   | 0.077 |   1.966 |    1.855 | 
     | mult_3/stage1_regs_reg[0][5] | D ^              | DFFHQX1   | 0.000 |   1.966 |    1.855 | 
     +------------------------------------------------------------------------------------------+ 
Path 4: VIOLATED Setup Check with Pin mult_3/stage1_regs_reg[0][5]/CK 
Endpoint:   mult_3/stage1_regs_reg[0][5]/D (^) checked with  leading edge of 
'clk'
Beginpoint: mac_vectB_3[0]                 (v) triggered by  leading edge of 
'io_virtual_clk'
Path Groups: {in2reg}
Analysis View: av_lsMax_rcWorst_cmFunc
Other End Arrival Time         -0.024
- Setup                         0.121
+ Phase Shift                   2.000
= Required Time                 1.855
- Arrival Time                  1.962
= Slack Time                   -0.107
     Clock Rise Edge                      0.000
     + Input Delay                        0.500
     + Drive Adjustment                   0.336
     = Beginpoint Arrival Time            0.836
     +-----------------------------------------------------------------------------------------+ 
     |           Instance           |       Arc        |   Cell   | Delay | Arrival | Required | 
     |                              |                  |          |       |  Time   |   Time   | 
     |------------------------------+------------------+----------+-------+---------+----------| 
     |                              | mac_vectB_3[0] v |          |       |   0.836 |    0.729 | 
     | mult_3/g13188                | B v -> Y ^       | NAND2X2  | 0.349 |   1.185 |    1.078 | 
     | mult_3/FE_RC_1846_0          | S0 ^ -> Y ^      | MXI2X1   | 0.144 |   1.330 |    1.223 | 
     | mult_3/FE_RC_1471_0          | A ^ -> Y v       | INVX2    | 0.080 |   1.409 |    1.302 | 
     | mult_3/FE_RC_1139_0          | B1 v -> Y ^      | OAI22X4  | 0.073 |   1.482 |    1.375 | 
     | mult_3/g12467                | B ^ -> CO ^      | ADDFHX2  | 0.256 |   1.738 |    1.631 | 
     | mult_3/FE_RC_1710_0          | B ^ -> Y v       | NAND2BX4 | 0.086 |   1.823 |    1.716 | 
     | mult_3/FE_RC_1702_0          | B v -> Y ^       | NAND2BX4 | 0.051 |   1.875 |    1.768 | 
     | mult_3/FE_RC_1704_0          | A ^ -> Y v       | INVX2    | 0.042 |   1.917 |    1.810 | 
     | mult_3/FE_RC_1701_0          | B1 v -> Y ^      | OAI22X4  | 0.045 |   1.962 |    1.855 | 
     | mult_3/stage1_regs_reg[0][5] | D ^              | DFFHQX1  | 0.000 |   1.962 |    1.855 | 
     +-----------------------------------------------------------------------------------------+ 
Path 5: VIOLATED Setup Check with Pin mult_3/stage1_regs_reg[0][5]/CK 
Endpoint:   mult_3/stage1_regs_reg[0][5]/D (^) checked with  leading edge of 
'clk'
Beginpoint: mac_vectB_3[0]                 (v) triggered by  leading edge of 
'io_virtual_clk'
Path Groups: {in2reg}
Analysis View: av_lsMax_rcWorst_cmFunc
Other End Arrival Time         -0.024
- Setup                         0.121
+ Phase Shift                   2.000
= Required Time                 1.855
- Arrival Time                  1.962
= Slack Time                   -0.107
     Clock Rise Edge                      0.000
     + Input Delay                        0.500
     + Drive Adjustment                   0.336
     = Beginpoint Arrival Time            0.836
     +------------------------------------------------------------------------------------------+ 
     |           Instance           |       Arc        |   Cell    | Delay | Arrival | Required | 
     |                              |                  |           |       |  Time   |   Time   | 
     |------------------------------+------------------+-----------+-------+---------+----------| 
     |                              | mac_vectB_3[0] v |           |       |   0.836 |    0.730 | 
     | mult_3/g13188                | B v -> Y ^       | NAND2X2   | 0.349 |   1.185 |    1.079 | 
     | mult_3/FE_RC_1061_0          | B ^ -> Y v       | CLKXOR2X1 | 0.207 |   1.392 |    1.285 | 
     | mult_3/FE_RC_1139_0          | A1 v -> Y ^      | OAI22X4   | 0.090 |   1.482 |    1.375 | 
     | mult_3/g12467                | B ^ -> CO ^      | ADDFHX2   | 0.256 |   1.738 |    1.631 | 
     | mult_3/FE_RC_1710_0          | B ^ -> Y v       | NAND2BX4  | 0.086 |   1.823 |    1.716 | 
     | mult_3/FE_RC_1702_0          | B v -> Y ^       | NAND2BX4  | 0.051 |   1.874 |    1.768 | 
     | mult_3/FE_RC_1704_0          | A ^ -> Y v       | INVX2     | 0.042 |   1.916 |    1.810 | 
     | mult_3/FE_RC_1701_0          | B1 v -> Y ^      | OAI22X4   | 0.045 |   1.962 |    1.855 | 
     | mult_3/stage1_regs_reg[0][5] | D ^              | DFFHQX1   | 0.000 |   1.962 |    1.855 | 
     +------------------------------------------------------------------------------------------+ 

