###############################################################
#  Generated by:      Cadence Innovus 21.17-s075_1
#  OS:                Linux x86_64(Host ID ssh-soc.ece.ubc.ca)
#  Generated on:      Wed Dec 24 00:58:42 2025
#  Design:            mkMACBuff
#  Command:           report_timing -nworst 5 > ./reports/${TOP_LEVEL}_preCTS.rpt
###############################################################
Path 1: VIOLATED Setup Check with Pin mult_1/stage2_regs1_reg[31]/CK 
Endpoint:   mult_1/stage2_regs1_reg[31]/D  (^) checked with  leading edge of 
'clk'
Beginpoint: mult_1/stage1_regs_reg[6][6]/Q (^) triggered by  leading edge of 
'clk'
Path Groups: {reg2reg}
Analysis View: av_lsMax_rcWorst_cmFunc
Other End Arrival Time          0.000
- Setup                         0.142
+ Phase Shift                   2.000
= Required Time                 1.858
- Arrival Time                  1.859
= Slack Time                   -0.001
     Clock Rise Edge                 0.000
     + Clock Network Latency (Ideal) 0.000
     = Beginpoint Arrival Time       0.000
     +------------------------------------------------------------------------------------------------+ 
     |                Instance                |     Arc      |   Cell    | Delay | Arrival | Required | 
     |                                        |              |           |       |  Time   |   Time   | 
     |----------------------------------------+--------------+-----------+-------+---------+----------| 
     | mult_1/stage1_regs_reg[6][6]           | CK ^         |           |       |   0.000 |   -0.001 | 
     | mult_1/stage1_regs_reg[6][6]           | CK ^ -> Q ^  | DFFHQX1   | 0.191 |   0.191 |    0.190 | 
     | mult_1/csa_tree_add_63_34_groupi_g4346 | A ^ -> S v   | ADDFX1    | 0.320 |   0.511 |    0.510 | 
     | mult_1/csa_tree_add_63_34_groupi_g4275 | B v -> S ^   | ADDFX1    | 0.309 |   0.820 |    0.819 | 
     | mult_1/csa_tree_add_63_34_groupi_g4227 | CI ^ -> S v  | ADDFXL    | 0.272 |   1.092 |    1.091 | 
     | mult_1/csa_tree_add_63_34_groupi_g4224 | B v -> Y ^   | NOR2X2    | 0.100 |   1.192 |    1.192 | 
     | mult_1/csa_tree_add_63_34_groupi_g4214 | A ^ -> Y v   | NOR2X1    | 0.082 |   1.275 |    1.274 | 
     | mult_1/csa_tree_add_63_34_groupi_g4203 | B v -> Y ^   | NOR2BX1   | 0.067 |   1.342 |    1.341 | 
     | mult_1/csa_tree_add_63_34_groupi_g2    | B ^ -> Y v   | NOR2BX2   | 0.060 |   1.402 |    1.401 | 
     | mult_1/csa_tree_add_63_34_groupi_g4182 | A v -> Y ^   | NOR2X4    | 0.078 |   1.480 |    1.479 | 
     | mult_1/csa_tree_add_63_34_groupi_g4176 | B ^ -> Y v   | NOR2X4    | 0.063 |   1.542 |    1.541 | 
     | mult_1/csa_tree_add_63_34_groupi_g4168 | B v -> Y ^   | NOR2X6    | 0.067 |   1.609 |    1.608 | 
     | mult_1/csa_tree_add_63_34_groupi_g4165 | A1N ^ -> Y ^ | AOI2BB1X1 | 0.122 |   1.731 |    1.730 | 
     | mult_1/FE_RC_956_0                     | B ^ -> Y v   | NOR2X1    | 0.061 |   1.792 |    1.791 | 
     | mult_1/FE_RC_955_0                     | B0 v -> Y ^  | AOI21X1   | 0.067 |   1.859 |    1.858 | 
     | mult_1/stage2_regs1_reg[31]            | D ^          | DFFQXL    | 0.000 |   1.859 |    1.858 | 
     +------------------------------------------------------------------------------------------------+ 
Path 2: MET Setup Check with Pin mult_1/stage2_regs1_reg[27]/CK 
Endpoint:   mult_1/stage2_regs1_reg[27]/D  (^) checked with  leading edge of 
'clk'
Beginpoint: mult_1/stage1_regs_reg[6][6]/Q (^) triggered by  leading edge of 
'clk'
Path Groups: {reg2reg}
Analysis View: av_lsMax_rcWorst_cmFunc
Other End Arrival Time          0.000
- Setup                         0.140
+ Phase Shift                   2.000
= Required Time                 1.860
- Arrival Time                  1.860
= Slack Time                    0.000
     Clock Rise Edge                 0.000
     + Clock Network Latency (Ideal) 0.000
     = Beginpoint Arrival Time       0.000
     +------------------------------------------------------------------------------------------------+ 
     |                Instance                |     Arc      |   Cell    | Delay | Arrival | Required | 
     |                                        |              |           |       |  Time   |   Time   | 
     |----------------------------------------+--------------+-----------+-------+---------+----------| 
     | mult_1/stage1_regs_reg[6][6]           | CK ^         |           |       |   0.000 |    0.000 | 
     | mult_1/stage1_regs_reg[6][6]           | CK ^ -> Q ^  | DFFHQX1   | 0.191 |   0.191 |    0.191 | 
     | mult_1/csa_tree_add_63_34_groupi_g4346 | A ^ -> S v   | ADDFX1    | 0.320 |   0.511 |    0.511 | 
     | mult_1/csa_tree_add_63_34_groupi_g4275 | B v -> S ^   | ADDFX1    | 0.309 |   0.820 |    0.820 | 
     | mult_1/csa_tree_add_63_34_groupi_g4227 | CI ^ -> S v  | ADDFXL    | 0.272 |   1.092 |    1.093 | 
     | mult_1/csa_tree_add_63_34_groupi_g4224 | B v -> Y ^   | NOR2X2    | 0.100 |   1.192 |    1.193 | 
     | mult_1/csa_tree_add_63_34_groupi_g4214 | A ^ -> Y v   | NOR2X1    | 0.082 |   1.275 |    1.275 | 
     | mult_1/csa_tree_add_63_34_groupi_g4203 | B v -> Y ^   | NOR2BX1   | 0.067 |   1.342 |    1.342 | 
     | mult_1/csa_tree_add_63_34_groupi_g2    | B ^ -> Y v   | NOR2BX2   | 0.060 |   1.402 |    1.402 | 
     | mult_1/csa_tree_add_63_34_groupi_g4182 | A v -> Y ^   | NOR2X4    | 0.078 |   1.480 |    1.480 | 
     | mult_1/csa_tree_add_63_34_groupi_g4176 | B ^ -> Y v   | NOR2X4    | 0.063 |   1.542 |    1.542 | 
     | mult_1/csa_tree_add_63_34_groupi_g4168 | B v -> Y ^   | NOR2X6    | 0.067 |   1.609 |    1.609 | 
     | mult_1/csa_tree_add_63_34_groupi_g4157 | A1N ^ -> Y ^ | AOI2BB1X1 | 0.121 |   1.730 |    1.730 | 
     | mult_1/FE_RC_442_0                     | B ^ -> Y v   | NOR2X1    | 0.064 |   1.793 |    1.793 | 
     | mult_1/FE_RC_1453_0                    | B0 v -> Y ^  | AOI21X1   | 0.067 |   1.860 |    1.860 | 
     | mult_1/stage2_regs1_reg[27]            | D ^          | DFFQXL    | 0.000 |   1.860 |    1.860 | 
     +------------------------------------------------------------------------------------------------+ 
Path 3: MET Setup Check with Pin mult_2/stage1_regs_reg[10][6]/CK 
Endpoint:   mult_2/stage1_regs_reg[10][6]/D (^) checked with  leading edge of 
'clk'
Beginpoint: mac_vectB_2[9]                  (^) triggered by  leading edge of 
'io_virtual_clk'
Path Groups: {in2reg}
Analysis View: av_lsMax_rcWorst_cmFunc
Other End Arrival Time          0.000
- Setup                         0.127
+ Phase Shift                   2.000
= Required Time                 1.873
- Arrival Time                  1.872
= Slack Time                    0.001
     Clock Rise Edge                      0.000
     + Input Delay                        0.500
     + Drive Adjustment                   0.032
     = Beginpoint Arrival Time            0.532
     +--------------------------------------------------------------------------------------------+ 
     |            Instance            |       Arc        |   Cell    | Delay | Arrival | Required | 
     |                                |                  |           |       |  Time   |   Time   | 
     |--------------------------------+------------------+-----------+-------+---------+----------| 
     |                                | mac_vectB_2[9] ^ |           |       |   0.532 |    0.533 | 
     | mult_2/FE_OFC574_mac_vectB_2_9 | A ^ -> Y v       | INVX3     | 0.069 |   0.601 |    0.602 | 
     | mult_2/FE_OFC576_mac_vectB_2_9 | A v -> Y ^       | INVX3     | 0.086 |   0.687 |    0.688 | 
     | mult_2/g13169                  | A ^ -> Y v       | NAND2X1   | 0.118 |   0.805 |    0.806 | 
     | mult_2/g12825                  | A v -> Y ^       | XNOR2X1   | 0.224 |   1.029 |    1.030 | 
     | mult_2/g12623                  | CI ^ -> S ^      | ADDFX1    | 0.265 |   1.293 |    1.294 | 
     | mult_2/g12582                  | B ^ -> Y v       | NAND2X1   | 0.109 |   1.402 |    1.403 | 
     | mult_2/FE_RC_1544_0            | A0N v -> Y v     | OAI2BB1X1 | 0.157 |   1.559 |    1.560 | 
     | mult_2/g12499                  | A v -> Y ^       | INVX1     | 0.068 |   1.626 |    1.627 | 
     | mult_2/g12399                  | B0 ^ -> Y v      | AOI21X1   | 0.044 |   1.671 |    1.672 | 
     | mult_2/g12323                  | B v -> Y ^       | XNOR2X1   | 0.201 |   1.872 |    1.873 | 
     | mult_2/stage1_regs_reg[10][6]  | D ^              | DFFHQX1   | 0.000 |   1.872 |    1.873 | 
     +--------------------------------------------------------------------------------------------+ 
Path 4: MET Setup Check with Pin mult_1/stage2_regs1_reg[30]/CK 
Endpoint:   mult_1/stage2_regs1_reg[30]/D  (^) checked with  leading edge of 
'clk'
Beginpoint: mult_1/stage1_regs_reg[6][6]/Q (^) triggered by  leading edge of 
'clk'
Path Groups: {reg2reg}
Analysis View: av_lsMax_rcWorst_cmFunc
Other End Arrival Time          0.000
- Setup                         0.154
+ Phase Shift                   2.000
= Required Time                 1.846
- Arrival Time                  1.844
= Slack Time                    0.002
     Clock Rise Edge                 0.000
     + Clock Network Latency (Ideal) 0.000
     = Beginpoint Arrival Time       0.000
     +------------------------------------------------------------------------------------------------+ 
     |                Instance                |     Arc      |   Cell    | Delay | Arrival | Required | 
     |                                        |              |           |       |  Time   |   Time   | 
     |----------------------------------------+--------------+-----------+-------+---------+----------| 
     | mult_1/stage1_regs_reg[6][6]           | CK ^         |           |       |   0.000 |    0.002 | 
     | mult_1/stage1_regs_reg[6][6]           | CK ^ -> Q ^  | DFFHQX1   | 0.191 |   0.191 |    0.193 | 
     | mult_1/csa_tree_add_63_34_groupi_g4346 | A ^ -> S v   | ADDFX1    | 0.320 |   0.511 |    0.513 | 
     | mult_1/csa_tree_add_63_34_groupi_g4275 | B v -> S ^   | ADDFX1    | 0.309 |   0.820 |    0.822 | 
     | mult_1/csa_tree_add_63_34_groupi_g4227 | CI ^ -> S v  | ADDFXL    | 0.272 |   1.092 |    1.095 | 
     | mult_1/csa_tree_add_63_34_groupi_g4224 | B v -> Y ^   | NOR2X2    | 0.100 |   1.192 |    1.195 | 
     | mult_1/csa_tree_add_63_34_groupi_g4214 | A ^ -> Y v   | NOR2X1    | 0.082 |   1.275 |    1.277 | 
     | mult_1/csa_tree_add_63_34_groupi_g4203 | B v -> Y ^   | NOR2BX1   | 0.067 |   1.342 |    1.344 | 
     | mult_1/csa_tree_add_63_34_groupi_g2    | B ^ -> Y v   | NOR2BX2   | 0.060 |   1.402 |    1.404 | 
     | mult_1/csa_tree_add_63_34_groupi_g4182 | A v -> Y ^   | NOR2X4    | 0.078 |   1.480 |    1.482 | 
     | mult_1/csa_tree_add_63_34_groupi_g4176 | B ^ -> Y v   | NOR2X4    | 0.063 |   1.542 |    1.545 | 
     | mult_1/csa_tree_add_63_34_groupi_g4168 | B v -> Y ^   | NOR2X6    | 0.067 |   1.609 |    1.611 | 
     | mult_1/csa_tree_add_63_34_groupi_g4164 | A1N ^ -> Y ^ | AOI2BB1X1 | 0.121 |   1.730 |    1.733 | 
     | mult_1/csa_tree_add_63_34_groupi_g4149 | S0 ^ -> Y ^  | MXI2XL    | 0.113 |   1.844 |    1.846 | 
     | mult_1/stage2_regs1_reg[30]            | D ^          | DFFQXL    | 0.000 |   1.844 |    1.846 | 
     +------------------------------------------------------------------------------------------------+ 
Path 5: MET Setup Check with Pin mult_3/stage2_regs1_reg[31]/CK 
Endpoint:   mult_3/stage2_regs1_reg[31]/D  (^) checked with  leading edge of 
'clk'
Beginpoint: mult_3/stage1_regs_reg[7][2]/Q (v) triggered by  leading edge of 
'clk'
Path Groups: {reg2reg}
Analysis View: av_lsMax_rcWorst_cmFunc
Other End Arrival Time          0.000
- Setup                         0.144
+ Phase Shift                   2.000
= Required Time                 1.856
- Arrival Time                  1.848
= Slack Time                    0.008
     Clock Rise Edge                 0.000
     + Clock Network Latency (Ideal) 0.000
     = Beginpoint Arrival Time       0.000
     +------------------------------------------------------------------------------------------------+ 
     |                Instance                |     Arc      |   Cell    | Delay | Arrival | Required | 
     |                                        |              |           |       |  Time   |   Time   | 
     |----------------------------------------+--------------+-----------+-------+---------+----------| 
     | mult_3/stage1_regs_reg[7][2]           | CK ^         |           |       |   0.000 |    0.008 | 
     | mult_3/stage1_regs_reg[7][2]           | CK ^ -> Q v  | SDFFQX1   | 0.223 |   0.223 |    0.231 | 
     | mult_3/csa_tree_add_63_34_groupi_g4356 | B v -> S ^   | ADDFX1    | 0.313 |   0.536 |    0.544 | 
     | mult_3/csa_tree_add_63_34_groupi_g4275 | CI ^ -> S ^  | ADDFXL    | 0.253 |   0.789 |    0.797 | 
     | mult_3/csa_tree_add_63_34_groupi_g4227 | CI ^ -> S v  | ADDFX1    | 0.306 |   1.095 |    1.103 | 
     | mult_3/csa_tree_add_63_34_groupi_g4224 | B v -> Y ^   | NOR2X4    | 0.075 |   1.170 |    1.178 | 
     | mult_3/csa_tree_add_63_34_groupi_g4214 | A ^ -> Y v   | NOR2X2    | 0.058 |   1.228 |    1.236 | 
     | mult_3/csa_tree_add_63_34_groupi_g4203 | B v -> Y ^   | NOR2BX1   | 0.072 |   1.300 |    1.308 | 
     | mult_3/csa_tree_add_63_34_groupi_g2    | B ^ -> Y v   | NOR2BX2   | 0.069 |   1.369 |    1.376 | 
     | mult_3/csa_tree_add_63_34_groupi_g4182 | A v -> Y ^   | NOR2X4    | 0.087 |   1.456 |    1.464 | 
     | mult_3/csa_tree_add_63_34_groupi_g4176 | B ^ -> Y v   | NOR2X4    | 0.067 |   1.522 |    1.530 | 
     | mult_3/csa_tree_add_63_34_groupi_g4168 | B v -> Y ^   | NOR2X4    | 0.073 |   1.595 |    1.603 | 
     | mult_3/csa_tree_add_63_34_groupi_g4165 | A1N ^ -> Y ^ | AOI2BB1X1 | 0.141 |   1.736 |    1.744 | 
     | mult_3/csa_tree_add_63_34_groupi_g4148 | S0 ^ -> Y ^  | MXI2XL    | 0.112 |   1.848 |    1.856 | 
     | mult_3/stage2_regs1_reg[31]            | D ^          | DFFQXL    | 0.000 |   1.848 |    1.856 | 
     +------------------------------------------------------------------------------------------------+ 

