###############################################################
#  Generated by:      Cadence Innovus 21.17-s075_1
#  OS:                Linux x86_64(Host ID ssh-soc.ece.ubc.ca)
#  Generated on:      Tue Dec 23 21:41:44 2025
#  Design:            mkMACBuff
#  Command:           report_ccopt_skew_groups -file reports/mkMACBuff_skew_groups.rpt
###############################################################

Skew Group Structure:
=====================

-----------------------------------------------------------------
Skew Group    Sources    Constrained Sinks    Unconstrained Sinks
-----------------------------------------------------------------
CLK/cmFunc       1              979                    0
-----------------------------------------------------------------

Skew Group Summary:
===================

-------------------------------------------------------------------------------------------------------------------------------------------------------------------------
Timing Corner                   Skew Group    ID Target    Min ID    Max ID    Avg ID    Std.Dev. ID    Skew Target Type    Skew Target    Skew     Skew window occupancy
-------------------------------------------------------------------------------------------------------------------------------------------------------------------------
dc_lsMax_rcWorst:setup.early    CLK/cmFunc        -        0.377     0.447     0.416        0.019       ignored                  -         0.070              -
dc_lsMax_rcWorst:setup.late     CLK/cmFunc    none         0.378     0.448     0.417        0.019       auto computed        0.112         0.070    100% {0.378, 0.448}
dc_lsMin_rcBest:hold.early      CLK/cmFunc        -        0.074     0.093     0.083        0.006       ignored                  -         0.019              -
dc_lsMin_rcBest:hold.late       CLK/cmFunc        -        0.075     0.094     0.084        0.006       ignored                  -         0.019              -
-------------------------------------------------------------------------------------------------------------------------------------------------------------------------

* - indicates that target was not met.

Skew Group Min/Max path pins:
=============================

----------------------------------------------------------------------------------
Timing Corner                   Skew Group    Min ID    PathID    Max ID    PathID
----------------------------------------------------------------------------------
dc_lsMax_rcWorst:setup.early    CLK/cmFunc    0.377       1       0.447       2
-    min mult_2/stage2_regs0_reg[15]/CK
-    max mult_0/stage1_regs_reg[13][6]/CK
dc_lsMax_rcWorst:setup.late     CLK/cmFunc    0.378       3       0.448       4
-    min mult_2/stage2_regs0_reg[15]/CK
-    max mult_0/stage1_regs_reg[13][6]/CK
dc_lsMin_rcBest:hold.early      CLK/cmFunc    0.074       5       0.093       6
-    min mult_2/stage2_regs0_reg[15]/CK
-    max mult_3/stage1_regs_reg[13][2]/CK
dc_lsMin_rcBest:hold.late       CLK/cmFunc    0.075       7       0.094       8
-    min mult_2/stage2_regs0_reg[15]/CK
-    max mult_3/stage1_regs_reg[13][2]/CK
----------------------------------------------------------------------------------

Timing for timing corner dc_lsMax_rcWorst:setup.early, min clock_path:
======================================================================

PathID    : 1
Path type : skew group CLK/cmFunc (path 1 of 1)
Start     : CLK
End       : mult_2/stage2_regs0_reg[15]/CK
Delay     : 0.377

-----------------------------------------------------------------------------------------------
Name  Lib cell  Event  Incr   Arrival  Slew   Cap    Location          Distance  Fanout  Status
                       (ns)   (ns)     (ns)   (pF)                     (um)              
-- Clockpath trace ----------------------------------------------------------------------------
CLK
-     -         rise   -       0.000   0.004  0.012  (0.000,34.000)    -           4     
CTS_ccl_a_buf_00340/A
-     CLKBUFX2  rise   0.001   0.001   0.004  -      (126.365,63.515)  155.880   -       
CTS_ccl_a_buf_00340/Y
-     CLKBUFX2  rise   0.090   0.091   0.051  0.004  (126.010,63.985)    0.825     3     
CTS_ccl_a_buf_00327/A
-     CLKBUFX2  rise   0.000   0.091   0.051  -      (145.165,77.195)   32.365   -       
CTS_ccl_a_buf_00327/Y
-     CLKBUFX2  rise   0.101   0.192   0.031  0.001  (144.810,77.665)    0.825     3     
mult_2/CTS_ccl_a_buf_00278/A
-     CLKBUFX2  rise   0.000   0.192   0.031  -      (147.365,77.195)    3.025   -       
mult_2/CTS_ccl_a_buf_00278/Y
-     CLKBUFX2  rise   0.092   0.284   0.034  0.002  (147.010,77.665)    0.825     4     
mult_2/CTS_ccl_a_buf_00124/A
-     CLKBUFX2  rise   0.000   0.284   0.034  -      (155.765,77.195)    9.225   -       
mult_2/CTS_ccl_a_buf_00124/Y
-     CLKBUFX2  rise   0.093   0.377   0.032  0.002  (155.410,77.665)    0.825     4     
mult_2/stage2_regs0_reg[15]/CK
-     DFFQXL    rise   0.000   0.377   0.032  -      (154.285,76.045)    2.745   -       
-----------------------------------------------------------------------------------------------

Timing for timing corner dc_lsMax_rcWorst:setup.early, max clock_path:
======================================================================

PathID    : 2
Path type : skew group CLK/cmFunc (path 1 of 1)
Start     : CLK
End       : mult_0/stage1_regs_reg[7][5]/CK
Delay     : 0.447

-----------------------------------------------------------------------------------------------
Name  Lib cell  Event  Incr   Arrival  Slew   Cap    Location          Distance  Fanout  Status
                       (ns)   (ns)     (ns)   (pF)                     (um)              
-- Clockpath trace ----------------------------------------------------------------------------
CLK
-     -         rise   -       0.000   0.004  0.012  (0.000,34.000)    -           4     
CTS_ccl_a_buf_00345/A
-     CLKBUFX8  rise   0.001   0.001   0.004  -      (72.100,109.915)  148.015   -       
CTS_ccl_a_buf_00345/Y
-     CLKBUFX8  rise   0.075   0.076   0.029  0.003  (71.515,109.765)    0.735     2     
CTS_ccl_a_buf_00342/A
-     CLKBUFX8  rise   0.000   0.076   0.029  -      (98.500,109.915)   27.135   -       
CTS_ccl_a_buf_00342/Y
-     CLKBUFX8  rise   0.087   0.163   0.031  0.004  (97.915,109.765)    0.735     3     
CTS_ccl_a_buf_00334/A
-     CLKBUFX3  rise   0.000   0.163   0.031  -      (98.500,138.985)   29.805   -       
CTS_ccl_a_buf_00334/Y
-     CLKBUFX3  rise   0.086   0.250   0.040  0.004  (98.285,138.400)    0.800     4     
mult_0/CTS_ccl_a_buf_00312/A
-     CLKBUFX2  rise   0.000   0.250   0.040  -      (76.365,147.765)   31.285   -       
mult_0/CTS_ccl_a_buf_00312/Y
-     CLKBUFX2  rise   0.101   0.350   0.040  0.002  (76.010,147.295)    0.825     4     
mult_0/CTS_ccl_a_buf_00234/A
-     CLKBUFX2  rise   0.000   0.350   0.040  -      (61.765,151.185)   18.135   -       
mult_0/CTS_ccl_a_buf_00234/Y
-     CLKBUFX2  rise   0.097   0.447   0.034  0.002  (61.410,150.715)    0.825     4     
mult_0/stage1_regs_reg[7][5]/CK
-     DFFQXL    rise   0.000   0.447   0.034  -      (57.285,154.705)    8.115   -       
-----------------------------------------------------------------------------------------------

Timing for timing corner dc_lsMax_rcWorst:setup.late, min clock_path:
=====================================================================

PathID    : 3
Path type : skew group CLK/cmFunc (path 1 of 1)
Start     : CLK
End       : mult_2/stage2_regs0_reg[15]/CK
Delay     : 0.378

-----------------------------------------------------------------------------------------------
Name  Lib cell  Event  Incr   Arrival  Slew   Cap    Location          Distance  Fanout  Status
                       (ns)   (ns)     (ns)   (pF)                     (um)              
-- Clockpath trace ----------------------------------------------------------------------------
CLK
-     -         rise   -       0.000   0.004  0.012  (0.000,34.000)    -           4     
CTS_ccl_a_buf_00340/A
-     CLKBUFX2  rise   0.001   0.001   0.004  -      (126.365,63.515)  155.880   -       
CTS_ccl_a_buf_00340/Y
-     CLKBUFX2  rise   0.090   0.091   0.051  0.004  (126.010,63.985)    0.825     3     
CTS_ccl_a_buf_00327/A
-     CLKBUFX2  rise   0.000   0.091   0.051  -      (145.165,77.195)   32.365   -       
CTS_ccl_a_buf_00327/Y
-     CLKBUFX2  rise   0.101   0.192   0.031  0.001  (144.810,77.665)    0.825     3     
mult_2/CTS_ccl_a_buf_00278/A
-     CLKBUFX2  rise   0.000   0.192   0.031  -      (147.365,77.195)    3.025   -       
mult_2/CTS_ccl_a_buf_00278/Y
-     CLKBUFX2  rise   0.092   0.285   0.034  0.002  (147.010,77.665)    0.825     4     
mult_2/CTS_ccl_a_buf_00124/A
-     CLKBUFX2  rise   0.000   0.285   0.034  -      (155.765,77.195)    9.225   -       
mult_2/CTS_ccl_a_buf_00124/Y
-     CLKBUFX2  rise   0.093   0.378   0.033  0.002  (155.410,77.665)    0.825     4     
mult_2/stage2_regs0_reg[15]/CK
-     DFFQXL    rise   0.000   0.378   0.033  -      (154.285,76.045)    2.745   -       
-----------------------------------------------------------------------------------------------

Timing for timing corner dc_lsMax_rcWorst:setup.late, max clock_path:
=====================================================================

PathID    : 4
Path type : skew group CLK/cmFunc (path 1 of 1)
Start     : CLK
End       : mult_0/stage1_regs_reg[7][5]/CK
Delay     : 0.448

-----------------------------------------------------------------------------------------------
Name  Lib cell  Event  Incr   Arrival  Slew   Cap    Location          Distance  Fanout  Status
                       (ns)   (ns)     (ns)   (pF)                     (um)              
-- Clockpath trace ----------------------------------------------------------------------------
CLK
-     -         rise   -       0.000   0.004  0.012  (0.000,34.000)    -           4     
CTS_ccl_a_buf_00345/A
-     CLKBUFX8  rise   0.001   0.001   0.004  -      (72.100,109.915)  148.015   -       
CTS_ccl_a_buf_00345/Y
-     CLKBUFX8  rise   0.075   0.076   0.029  0.003  (71.515,109.765)    0.735     2     
CTS_ccl_a_buf_00342/A
-     CLKBUFX8  rise   0.000   0.076   0.029  -      (98.500,109.915)   27.135   -       
CTS_ccl_a_buf_00342/Y
-     CLKBUFX8  rise   0.087   0.164   0.031  0.004  (97.915,109.765)    0.735     3     
CTS_ccl_a_buf_00334/A
-     CLKBUFX3  rise   0.000   0.164   0.031  -      (98.500,138.985)   29.805   -       
CTS_ccl_a_buf_00334/Y
-     CLKBUFX3  rise   0.086   0.250   0.040  0.004  (98.285,138.400)    0.800     4     
mult_0/CTS_ccl_a_buf_00312/A
-     CLKBUFX2  rise   0.000   0.250   0.040  -      (76.365,147.765)   31.285   -       
mult_0/CTS_ccl_a_buf_00312/Y
-     CLKBUFX2  rise   0.101   0.351   0.040  0.002  (76.010,147.295)    0.825     4     
mult_0/CTS_ccl_a_buf_00234/A
-     CLKBUFX2  rise   0.000   0.351   0.040  -      (61.765,151.185)   18.135   -       
mult_0/CTS_ccl_a_buf_00234/Y
-     CLKBUFX2  rise   0.097   0.448   0.034  0.002  (61.410,150.715)    0.825     4     
mult_0/stage1_regs_reg[7][5]/CK
-     DFFQXL    rise   0.000   0.448   0.034  -      (57.285,154.705)    8.115   -       
-----------------------------------------------------------------------------------------------

Timing for timing corner dc_lsMin_rcBest:hold.early, min clock_path:
====================================================================

PathID    : 5
Path type : skew group CLK/cmFunc (path 1 of 1)
Start     : CLK
End       : mult_2/stage2_regs0_reg[15]/CK
Delay     : 0.074

-----------------------------------------------------------------------------------------------
Name  Lib cell  Event  Incr   Arrival  Slew   Cap    Location          Distance  Fanout  Status
                       (ns)   (ns)     (ns)   (pF)                     (um)              
-- Clockpath trace ----------------------------------------------------------------------------
CLK
-     -         rise   -       0.000   0.004  0.012  (0.000,34.000)    -           4     
CTS_ccl_a_buf_00340/A
-     CLKBUFX2  rise   0.001   0.001   0.004  -      (126.365,63.515)  155.880   -       
CTS_ccl_a_buf_00340/Y
-     CLKBUFX2  rise   0.020   0.021   0.013  0.004  (126.010,63.985)    0.825     3     
CTS_ccl_a_buf_00327/A
-     CLKBUFX2  rise   0.000   0.021   0.013  -      (145.165,77.195)   32.365   -       
CTS_ccl_a_buf_00327/Y
-     CLKBUFX2  rise   0.018   0.039   0.007  0.002  (144.810,77.665)    0.825     3     
mult_2/CTS_ccl_a_buf_00278/A
-     CLKBUFX2  rise   0.000   0.039   0.007  -      (147.365,77.195)    3.025   -       
mult_2/CTS_ccl_a_buf_00278/Y
-     CLKBUFX2  rise   0.018   0.057   0.008  0.002  (147.010,77.665)    0.825     4     
mult_2/CTS_ccl_a_buf_00124/A
-     CLKBUFX2  rise   0.000   0.057   0.008  -      (155.765,77.195)    9.225   -       
mult_2/CTS_ccl_a_buf_00124/Y
-     CLKBUFX2  rise   0.017   0.074   0.008  0.002  (155.410,77.665)    0.825     4     
mult_2/stage2_regs0_reg[15]/CK
-     DFFQXL    rise   0.000   0.074   0.008  -      (154.285,76.045)    2.745   -       
-----------------------------------------------------------------------------------------------

Timing for timing corner dc_lsMin_rcBest:hold.early, max clock_path:
====================================================================

PathID    : 6
Path type : skew group CLK/cmFunc (path 1 of 1)
Start     : CLK
End       : mult_3/stage1_regs_reg[6][3]/CK
Delay     : 0.093

------------------------------------------------------------------------------------------------
Name  Lib cell  Event  Incr   Arrival  Slew   Cap    Location           Distance  Fanout  Status
                       (ns)   (ns)     (ns)   (pF)                      (um)              
-- Clockpath trace -----------------------------------------------------------------------------
CLK
-     -         rise   -       0.000   0.004  0.012  (0.000,34.000)     -           4     
CTS_ccl_a_buf_00345/A
-     CLKBUFX8  rise   0.001   0.001   0.004  -      (72.100,109.915)   148.015   -       
CTS_ccl_a_buf_00345/Y
-     CLKBUFX8  rise   0.018   0.019   0.007  0.004  (71.515,109.765)     0.735     2     
CTS_ccl_a_buf_00342/A
-     CLKBUFX8  rise   0.000   0.019   0.007  -      (98.500,109.915)    27.135   -       
CTS_ccl_a_buf_00342/Y
-     CLKBUFX8  rise   0.018   0.038   0.008  0.004  (97.915,109.765)     0.735     3     
mult_3/CTS_ccl_a_buf_00323/A
-     CLKBUFX3  rise   0.000   0.038   0.008  -      (113.700,135.565)   41.585   -       
mult_3/CTS_ccl_a_buf_00323/Y
-     CLKBUFX3  rise   0.018   0.055   0.009  0.004  (113.485,134.980)    0.800     3     
mult_3/CTS_ccl_a_buf_00265/A
-     CLKBUFX2  rise   0.000   0.055   0.009  -      (137.565,142.175)   31.275   -       
mult_3/CTS_ccl_a_buf_00265/Y
-     CLKBUFX2  rise   0.018   0.074   0.009  0.002  (137.210,142.645)    0.825     4     
mult_3/CTS_ccl_a_buf_00084/A
-     CLKBUFX2  rise   0.000   0.074   0.009  -      (142.365,142.175)    5.625   -       
mult_3/CTS_ccl_a_buf_00084/Y
-     CLKBUFX2  rise   0.019   0.093   0.011  0.003  (142.010,142.645)    0.825     4     
mult_3/stage1_regs_reg[6][3]/CK
-     DFFQXL    rise   0.000   0.093   0.011  -      (143.285,135.235)    8.685   -       
------------------------------------------------------------------------------------------------

Timing for timing corner dc_lsMin_rcBest:hold.late, min clock_path:
===================================================================

PathID    : 7
Path type : skew group CLK/cmFunc (path 1 of 1)
Start     : CLK
End       : mult_2/stage2_regs0_reg[15]/CK
Delay     : 0.075

-----------------------------------------------------------------------------------------------
Name  Lib cell  Event  Incr   Arrival  Slew   Cap    Location          Distance  Fanout  Status
                       (ns)   (ns)     (ns)   (pF)                     (um)              
-- Clockpath trace ----------------------------------------------------------------------------
CLK
-     -         rise   -       0.000   0.004  0.012  (0.000,34.000)    -           4     
CTS_ccl_a_buf_00340/A
-     CLKBUFX2  rise   0.001   0.001   0.004  -      (126.365,63.515)  155.880   -       
CTS_ccl_a_buf_00340/Y
-     CLKBUFX2  rise   0.020   0.021   0.013  0.004  (126.010,63.985)    0.825     3     
CTS_ccl_a_buf_00327/A
-     CLKBUFX2  rise   0.000   0.021   0.013  -      (145.165,77.195)   32.365   -       
CTS_ccl_a_buf_00327/Y
-     CLKBUFX2  rise   0.018   0.039   0.007  0.002  (144.810,77.665)    0.825     3     
mult_2/CTS_ccl_a_buf_00278/A
-     CLKBUFX2  rise   0.000   0.039   0.007  -      (147.365,77.195)    3.025   -       
mult_2/CTS_ccl_a_buf_00278/Y
-     CLKBUFX2  rise   0.018   0.057   0.009  0.002  (147.010,77.665)    0.825     4     
mult_2/CTS_ccl_a_buf_00124/A
-     CLKBUFX2  rise   0.000   0.057   0.009  -      (155.765,77.195)    9.225   -       
mult_2/CTS_ccl_a_buf_00124/Y
-     CLKBUFX2  rise   0.018   0.075   0.008  0.002  (155.410,77.665)    0.825     4     
mult_2/stage2_regs0_reg[15]/CK
-     DFFQXL    rise   0.000   0.075   0.008  -      (154.285,76.045)    2.745   -       
-----------------------------------------------------------------------------------------------

Timing for timing corner dc_lsMin_rcBest:hold.late, max clock_path:
===================================================================

PathID    : 8
Path type : skew group CLK/cmFunc (path 1 of 1)
Start     : CLK
End       : mult_3/stage1_regs_reg[6][3]/CK
Delay     : 0.094

------------------------------------------------------------------------------------------------
Name  Lib cell  Event  Incr   Arrival  Slew   Cap    Location           Distance  Fanout  Status
                       (ns)   (ns)     (ns)   (pF)                      (um)              
-- Clockpath trace -----------------------------------------------------------------------------
CLK
-     -         rise   -       0.000   0.004  0.012  (0.000,34.000)     -           4     
CTS_ccl_a_buf_00345/A
-     CLKBUFX8  rise   0.001   0.001   0.004  -      (72.100,109.915)   148.015   -       
CTS_ccl_a_buf_00345/Y
-     CLKBUFX8  rise   0.018   0.019   0.007  0.004  (71.515,109.765)     0.735     2     
CTS_ccl_a_buf_00342/A
-     CLKBUFX8  rise   0.000   0.019   0.007  -      (98.500,109.915)    27.135   -       
CTS_ccl_a_buf_00342/Y
-     CLKBUFX8  rise   0.018   0.038   0.008  0.004  (97.915,109.765)     0.735     3     
mult_3/CTS_ccl_a_buf_00323/A
-     CLKBUFX3  rise   0.000   0.038   0.008  -      (113.700,135.565)   41.585   -       
mult_3/CTS_ccl_a_buf_00323/Y
-     CLKBUFX3  rise   0.018   0.056   0.010  0.004  (113.485,134.980)    0.800     3     
mult_3/CTS_ccl_a_buf_00265/A
-     CLKBUFX2  rise   0.000   0.056   0.010  -      (137.565,142.175)   31.275   -       
mult_3/CTS_ccl_a_buf_00265/Y
-     CLKBUFX2  rise   0.018   0.074   0.009  0.002  (137.210,142.645)    0.825     4     
mult_3/CTS_ccl_a_buf_00084/A
-     CLKBUFX2  rise   0.000   0.075   0.009  -      (142.365,142.175)    5.625   -       
mult_3/CTS_ccl_a_buf_00084/Y
-     CLKBUFX2  rise   0.019   0.094   0.011  0.003  (142.010,142.645)    0.825     4     
mult_3/stage1_regs_reg[6][3]/CK
-     DFFQXL    rise   0.000   0.094   0.011  -      (143.285,135.235)    8.685   -       
------------------------------------------------------------------------------------------------

